<?xml version="1.0" encoding="UTF-8"?>
<testsuite name="Sammys.Snackies.SlotTest" tests="3" skipped="0" failures="0" errors="0" timestamp="2022-10-15T10:07:08" hostname="BMO" time="0.158">
  <properties/>
  <testcase name="removeSnack()" classname="Sammys.Snackies.SlotTest" time="0.101"/>
  <testcase name="writeToFile()" classname="Sammys.Snackies.SlotTest" time="0.028"/>
  <testcase name="readFromFile()" classname="Sammys.Snackies.SlotTest" time="0.027"/>
  <system-out><![CDATA[]]></system-out>
  <system-err><![CDATA[]]></system-err>
</testsuite>
