<?xml version="1.0" encoding="UTF-8"?>
<testsuite name="Sammys.Snackies.FoodItemTest" tests="2" skipped="0" failures="0" errors="0" timestamp="2022-10-20T08:36:40" hostname="BMO" time="0.041">
  <properties/>
  <testcase name="canGetProperRepresentation()" classname="Sammys.Snackies.FoodItemTest" time="0.039"/>
  <testcase name="canGetName()" classname="Sammys.Snackies.FoodItemTest" time="0.001"/>
  <system-out><![CDATA[]]></system-out>
  <system-err><![CDATA[]]></system-err>
</testsuite>
