<?xml version="1.0" encoding="UTF-8"?>
<testsuite name="Sammys.Snackies.slotTest" tests="1" skipped="0" failures="0" errors="0" timestamp="2022-10-18T13:23:11" hostname="BMO" time="0.004">
  <properties/>
  <testcase name="removeSnack()" classname="Sammys.Snackies.slotTest" time="0.004"/>
  <system-out><![CDATA[]]></system-out>
  <system-err><![CDATA[]]></system-err>
</testsuite>
