<?xml version="1.0" encoding="UTF-8"?>
<testsuite name="Sammys.Snackies.FoodItemTest" tests="2" skipped="0" failures="0" errors="0" timestamp="2022-10-18T13:23:11" hostname="BMO" time="0.033">
  <properties/>
  <testcase name="canGetProperRepresentation()" classname="Sammys.Snackies.FoodItemTest" time="0.032"/>
  <testcase name="canGetName()" classname="Sammys.Snackies.FoodItemTest" time="0.0"/>
  <system-out><![CDATA[]]></system-out>
  <system-err><![CDATA[]]></system-err>
</testsuite>
