<?xml version="1.0" encoding="UTF-8"?>
<testsuite name="Sammys.Snackies.VendingMachineTest" tests="2" skipped="0" failures="0" errors="0" timestamp="2022-10-24T07:01:28" hostname="BMO" time="0.141">
  <properties/>
  <testcase name="writeToFile()" classname="Sammys.Snackies.VendingMachineTest" time="0.111"/>
  <testcase name="readFromFile()" classname="Sammys.Snackies.VendingMachineTest" time="0.03"/>
  <system-out><![CDATA[]]></system-out>
  <system-err><![CDATA[]]></system-err>
</testsuite>
